<?xml version="1.0" encoding="UTF-8"?>
<testsuite xmlns:xsi="http://www.w3.org/2001/XMLSchema-instance" xsi:noNamespaceSchemaLocation="https://maven.apache.org/surefire/maven-surefire-plugin/xsd/surefire-test-report-3.0.xsd" version="3.0" name="runners.TestRunner" time="6.558" tests="1" errors="0" skipped="0" failures="0">
  <properties>
[...]
</properties>
  <testcase name="runScenario[&quot;Get user, validate email, verify posts and create post&quot;, &quot;JSONPlaceholder API testing&quot;](1)" classname="runners.TestRunner" time="5.295">
    <system-out><![CDATA[
Scenario: Get user, validate email, verify posts and create post # src/test/resources/features/apiTest.feature:3
  Given I retrieve a random user                                 # stepdefinitions.ApiStepDefinitions.i_retrieve_a_random_user()
User Email: Sherwood@rosamond.me
  Then I print the user's email                                  # stepdefinitions.ApiStepDefinitions.i_print_the_user_email()
  And I get posts for that user and validate Post IDs            # stepdefinitions.ApiStepDefinitions.i_get_posts_for_that_user_and_validate_post_ids()
  And I create a new post for that user                          # stepdefinitions.ApiStepDefinitions.i_create_a_new_post_for_that_user()
]]></system-out>
    <system-err><![CDATA[SLF4J: Failed to load class "org.slf4j.impl.StaticLoggerBinder".
SLF4J: Defaulting to no-operation (NOP) logger implementation
SLF4J: See http://www.slf4j.org/codes.html#StaticLoggerBinder for further details.
]]></system-err>
  </testcase>
</testsuite>