<?xml version="1.0" encoding="UTF-8"?>
<testng-results ignored="0" total="1" passed="1" failed="0" skipped="0">
  <reporter-output>
  </reporter-output>
  <suite started-at="2025-04-24T10:32:57 EET" name="Surefire suite" finished-at="2025-04-24T10:33:03 EET" duration-ms="5998">
    <groups>
      <group name="cucumber">
        <method signature="AbstractTestNGCucumberTests.runScenario(io.cucumber.testng.PickleWrapper,io.cucumber.testng.FeatureWrapper)[pri:0, instance:runners.TestRunner@3c9d0b9d]" name="runScenario" class="io.cucumber.testng.AbstractTestNGCucumberTests"/>
      </group> <!-- cucumber -->
    </groups>
    <test started-at="2025-04-24T10:32:57 EET" name="Surefire test" finished-at="2025-04-24T10:33:03 EET" duration-ms="5998">
      <class name="runners.TestRunner">
        <test-method is-config="true" signature="setUpClass(org.testng.ITestContext)[pri:0, instance:runners.TestRunner@3c9d0b9d]" started-at="2025-04-24T10:32:57 EET" name="setUpClass" finished-at="2025-04-24T10:32:57 EET" duration-ms="623" status="PASS">
          <params>
            <param index="0">
              <value>
                <![CDATA[org.testng.TestRunner@76a362a4]]>
              </value>
            </param>
          </params>
          <reporter-output>
          </reporter-output>
        </test-method> <!-- setUpClass -->
        <test-method signature="runScenario(io.cucumber.testng.PickleWrapper,io.cucumber.testng.FeatureWrapper)[pri:0, instance:runners.TestRunner@3c9d0b9d]" started-at="2025-04-24T10:32:57 EET" name="runScenario" description="Runs Cucumber Scenarios" data-provider="scenarios" finished-at="2025-04-24T10:33:03 EET" duration-ms="5298" status="PASS">
          <params>
            <param index="0">
              <value>
                <![CDATA["Get user, validate email, verify posts and create post"]]>
              </value>
            </param>
            <param index="1">
              <value>
                <![CDATA["JSONPlaceholder API testing"]]>
              </value>
            </param>
          </params>
          <reporter-output>
          </reporter-output>
        </test-method> <!-- runScenario -->
        <test-method is-config="true" signature="tearDownClass()[pri:0, instance:runners.TestRunner@3c9d0b9d]" started-at="2025-04-24T10:33:03 EET" name="tearDownClass" finished-at="2025-04-24T10:33:03 EET" duration-ms="34" status="PASS">
          <reporter-output>
          </reporter-output>
        </test-method> <!-- tearDownClass -->
      </class> <!-- runners.TestRunner -->
    </test> <!-- Surefire test -->
  </suite> <!-- Surefire suite -->
</testng-results>
